  Agent.cpp
  Blackboard.cpp
D:\UNI Projects\AA4_DecisionMaking\src\Blackboard.h(11,8): error C2143: syntax error: missing ';' before '*'
D:\UNI Projects\AA4_DecisionMaking\src\Blackboard.h(11,8): error C4430: missing type specifier - int assumed. Note: C++ does not support default-int
D:\UNI Projects\AA4_DecisionMaking\src\Blackboard.h(11,14): error C2238: unexpected token(s) preceding ';'
D:\UNI Projects\AA4_DecisionMaking\src\Blackboard.h(18,19): error C2061: syntax error: identifier 'Grid'
D:\UNI Projects\AA4_DecisionMaking\src\Blackboard.h(19,7): error C2143: syntax error: missing ';' before '*'
D:\UNI Projects\AA4_DecisionMaking\src\Blackboard.h(19,7): error C4430: missing type specifier - int assumed. Note: C++ does not support default-int
D:\UNI Projects\AA4_DecisionMaking\src\Blackboard.h(19,22): error C2238: unexpected token(s) preceding ';'
D:\UNI Projects\AA4_DecisionMaking\src\Blackboard.h(8,1): error C2011: 'Blackboard': 'class' type redefinition
D:\UNI Projects\AA4_DecisionMaking\src\Blackboard.h(7): message : see declaration of 'Blackboard'
D:\UNI Projects\AA4_DecisionMaking\src\Blackboard.cpp(3,13): error C2027: use of undefined type 'Blackboard'
D:\UNI Projects\AA4_DecisionMaking\src\Blackboard.h(7): message : see declaration of 'Blackboard'
D:\UNI Projects\AA4_DecisionMaking\src\Blackboard.cpp(4,1): error C4430: missing type specifier - int assumed. Note: C++ does not support default-int
D:\UNI Projects\AA4_DecisionMaking\src\Blackboard.cpp(5,1): warning C4508: '{ctor}': function should return a value; 'void' return type assumed
D:\UNI Projects\AA4_DecisionMaking\src\Blackboard.cpp(7,14): error C2027: use of undefined type 'Blackboard'
D:\UNI Projects\AA4_DecisionMaking\src\Blackboard.h(7): message : see declaration of 'Blackboard'
D:\UNI Projects\AA4_DecisionMaking\src\Blackboard.cpp(8,1): error C4430: missing type specifier - int assumed. Note: C++ does not support default-int
D:\UNI Projects\AA4_DecisionMaking\src\Blackboard.cpp(9,1): warning C4508: '{dtor}': function should return a value; 'void' return type assumed
D:\UNI Projects\AA4_DecisionMaking\src\Blackboard.cpp(11,18): error C2027: use of undefined type 'Blackboard'
D:\UNI Projects\AA4_DecisionMaking\src\Blackboard.h(7): message : see declaration of 'Blackboard'
D:\UNI Projects\AA4_DecisionMaking\src\Blackboard.cpp(13,2): error C2065: 'graph': undeclared identifier
D:\UNI Projects\AA4_DecisionMaking\src\Blackboard.cpp(16,20): error C2027: use of undefined type 'Blackboard'
D:\UNI Projects\AA4_DecisionMaking\src\Blackboard.h(7): message : see declaration of 'Blackboard'
D:\UNI Projects\AA4_DecisionMaking\src\Blackboard.cpp(18,9): error C2065: 'graph': undeclared identifier
D:\UNI Projects\AA4_DecisionMaking\src\Blackboard.cpp(21,18): error C2027: use of undefined type 'Blackboard'
D:\UNI Projects\AA4_DecisionMaking\src\Blackboard.h(7): message : see declaration of 'Blackboard'
D:\UNI Projects\AA4_DecisionMaking\src\Blackboard.cpp(23,2): error C2065: 'goal': undeclared identifier
D:\UNI Projects\AA4_DecisionMaking\src\Blackboard.cpp(26,23): error C2027: use of undefined type 'Blackboard'
D:\UNI Projects\AA4_DecisionMaking\src\Blackboard.h(7): message : see declaration of 'Blackboard'
D:\UNI Projects\AA4_DecisionMaking\src\Blackboard.cpp(28,9): error C2065: 'goal': undeclared identifier
  DecisionMakingAlgorithm.cpp
  FSM.cpp
  FSMChase.cpp
  FSMFlee.cpp
  FSMState.cpp
  FSMWander.cpp
  Graph.cpp
D:\UNI Projects\AA4_DecisionMaking\src\Blackboard.h(11,8): error C2143: syntax error: missing ';' before '*'
D:\UNI Projects\AA4_DecisionMaking\src\Blackboard.h(11,8): error C4430: missing type specifier - int assumed. Note: C++ does not support default-int
D:\UNI Projects\AA4_DecisionMaking\src\Blackboard.h(11,14): error C2238: unexpected token(s) preceding ';'
D:\UNI Projects\AA4_DecisionMaking\src\Blackboard.h(18,19): error C2061: syntax error: identifier 'Grid'
D:\UNI Projects\AA4_DecisionMaking\src\Blackboard.h(19,7): error C2143: syntax error: missing ';' before '*'
D:\UNI Projects\AA4_DecisionMaking\src\Blackboard.h(19,7): error C4430: missing type specifier - int assumed. Note: C++ does not support default-int
D:\UNI Projects\AA4_DecisionMaking\src\Blackboard.h(19,22): error C2238: unexpected token(s) preceding ';'
D:\UNI Projects\AA4_DecisionMaking\src\Graph.cpp(11,66): warning C4244: 'argument': conversion from 'unsigned int' to 'float', possible loss of data
D:\UNI Projects\AA4_DecisionMaking\src\Graph.cpp(11,49): warning C4244: 'argument': conversion from 'unsigned int' to 'float', possible loss of data
D:\UNI Projects\AA4_DecisionMaking\src\Graph.cpp(17,71): warning C4244: 'argument': conversion from 'unsigned int' to 'float', possible loss of data
D:\UNI Projects\AA4_DecisionMaking\src\Graph.cpp(17,52): warning C4244: 'argument': conversion from 'unsigned int' to 'float', possible loss of data
D:\UNI Projects\AA4_DecisionMaking\src\Graph.cpp(19,79): warning C4244: 'argument': conversion from 'unsigned int' to 'float', possible loss of data
D:\UNI Projects\AA4_DecisionMaking\src\Graph.cpp(19,60): warning C4244: 'argument': conversion from 'unsigned int' to 'float', possible loss of data
D:\UNI Projects\AA4_DecisionMaking\src\Graph.cpp(20,64): warning C4244: 'argument': conversion from 'unsigned int' to 'float', possible loss of data
D:\UNI Projects\AA4_DecisionMaking\src\Graph.cpp(20,45): warning C4244: 'argument': conversion from 'unsigned int' to 'float', possible loss of data
D:\UNI Projects\AA4_DecisionMaking\src\Graph.cpp(20,19): warning C4244: 'argument': conversion from 'int' to 'float', possible loss of data
D:\UNI Projects\AA4_DecisionMaking\src\Graph.cpp(25,69): warning C4244: 'argument': conversion from 'unsigned int' to 'float', possible loss of data
D:\UNI Projects\AA4_DecisionMaking\src\Graph.cpp(25,50): warning C4244: 'argument': conversion from 'unsigned int' to 'float', possible loss of data
D:\UNI Projects\AA4_DecisionMaking\src\Graph.cpp(27,77): warning C4244: 'argument': conversion from 'unsigned int' to 'float', possible loss of data
D:\UNI Projects\AA4_DecisionMaking\src\Graph.cpp(27,58): warning C4244: 'argument': conversion from 'unsigned int' to 'float', possible loss of data
D:\UNI Projects\AA4_DecisionMaking\src\Graph.cpp(28,62): warning C4244: 'argument': conversion from 'unsigned int' to 'float', possible loss of data
D:\UNI Projects\AA4_DecisionMaking\src\Graph.cpp(28,43): warning C4244: 'argument': conversion from 'unsigned int' to 'float', possible loss of data
D:\UNI Projects\AA4_DecisionMaking\src\Graph.cpp(28,19): warning C4244: 'argument': conversion from 'int' to 'float', possible loss of data
D:\UNI Projects\AA4_DecisionMaking\src\Graph.cpp(31,69): warning C4244: 'argument': conversion from 'unsigned int' to 'float', possible loss of data
D:\UNI Projects\AA4_DecisionMaking\src\Graph.cpp(31,50): warning C4244: 'argument': conversion from 'unsigned int' to 'float', possible loss of data
D:\UNI Projects\AA4_DecisionMaking\src\Graph.cpp(33,77): warning C4244: 'argument': conversion from 'unsigned int' to 'float', possible loss of data
D:\UNI Projects\AA4_DecisionMaking\src\Graph.cpp(33,58): warning C4244: 'argument': conversion from 'unsigned int' to 'float', possible loss of data
D:\UNI Projects\AA4_DecisionMaking\src\Graph.cpp(34,62): warning C4244: 'argument': conversion from 'unsigned int' to 'float', possible loss of data
D:\UNI Projects\AA4_DecisionMaking\src\Graph.cpp(34,43): warning C4244: 'argument': conversion from 'unsigned int' to 'float', possible loss of data
D:\UNI Projects\AA4_DecisionMaking\src\Graph.cpp(34,19): warning C4244: 'argument': conversion from 'int' to 'float', possible loss of data
D:\UNI Projects\AA4_DecisionMaking\src\Graph.cpp(39,71): warning C4244: 'argument': conversion from 'unsigned int' to 'float', possible loss of data
D:\UNI Projects\AA4_DecisionMaking\src\Graph.cpp(39,52): warning C4244: 'argument': conversion from 'unsigned int' to 'float', possible loss of data
D:\UNI Projects\AA4_DecisionMaking\src\Graph.cpp(41,79): warning C4244: 'argument': conversion from 'unsigned int' to 'float', possible loss of data
D:\UNI Projects\AA4_DecisionMaking\src\Graph.cpp(41,60): warning C4244: 'argument': conversion from 'unsigned int' to 'float', possible loss of data
D:\UNI Projects\AA4_DecisionMaking\src\Graph.cpp(42,64): warning C4244: 'argument': conversion from 'unsigned int' to 'float', possible loss of data
D:\UNI Projects\AA4_DecisionMaking\src\Graph.cpp(42,45): warning C4244: 'argument': conversion from 'unsigned int' to 'float', possible loss of data
D:\UNI Projects\AA4_DecisionMaking\src\Graph.cpp(42,19): warning C4244: 'argument': conversion from 'int' to 'float', possible loss of data
D:\UNI Projects\AA4_DecisionMaking\src\Graph.cpp(47,73): warning C4244: 'argument': conversion from 'unsigned int' to 'float', possible loss of data
D:\UNI Projects\AA4_DecisionMaking\src\Graph.cpp(47,52): warning C4244: 'argument': conversion from 'unsigned int' to 'float', possible loss of data
D:\UNI Projects\AA4_DecisionMaking\src\Graph.cpp(49,81): warning C4244: 'argument': conversion from 'unsigned int' to 'float', possible loss of data
D:\UNI Projects\AA4_DecisionMaking\src\Graph.cpp(49,60): warning C4244: 'argument': conversion from 'unsigned int' to 'float', possible loss of data
D:\UNI Projects\AA4_DecisionMaking\src\Graph.cpp(50,66): warning C4244: 'argument': conversion from 'unsigned int' to 'float', possible loss of data
D:\UNI Projects\AA4_DecisionMaking\src\Graph.cpp(50,45): warning C4244: 'argument': conversion from 'unsigned int' to 'float', possible loss of data
D:\UNI Projects\AA4_DecisionMaking\src\Graph.cpp(50,19): warning C4244: 'argument': conversion from 'int' to 'float', possible loss of data
D:\UNI Projects\AA4_DecisionMaking\src\Graph.cpp(53,73): warning C4244: 'argument': conversion from 'unsigned int' to 'float', possible loss of data
D:\UNI Projects\AA4_DecisionMaking\src\Graph.cpp(53,52): warning C4244: 'argument': conversion from 'unsigned int' to 'float', possible loss of data
D:\UNI Projects\AA4_DecisionMaking\src\Graph.cpp(55,81): warning C4244: 'argument': conversion from 'unsigned int' to 'float', possible loss of data
D:\UNI Projects\AA4_DecisionMaking\src\Graph.cpp(55,60): warning C4244: 'argument': conversion from 'unsigned int' to 'float', possible loss of data
D:\UNI Projects\AA4_DecisionMaking\src\Graph.cpp(56,66): warning C4244: 'argument': conversion from 'unsigned int' to 'float', possible loss of data
D:\UNI Projects\AA4_DecisionMaking\src\Graph.cpp(56,45): warning C4244: 'argument': conversion from 'unsigned int' to 'float', possible loss of data
D:\UNI Projects\AA4_DecisionMaking\src\Graph.cpp(56,19): warning C4244: 'argument': conversion from 'int' to 'float', possible loss of data
D:\UNI Projects\AA4_DecisionMaking\src\Graph.cpp(60,73): warning C4244: 'argument': conversion from 'unsigned int' to 'float', possible loss of data
D:\UNI Projects\AA4_DecisionMaking\src\Graph.cpp(60,52): warning C4244: 'argument': conversion from 'unsigned int' to 'float', possible loss of data
D:\UNI Projects\AA4_DecisionMaking\src\Graph.cpp(62,81): warning C4244: 'argument': conversion from 'unsigned int' to 'float', possible loss of data
D:\UNI Projects\AA4_DecisionMaking\src\Graph.cpp(62,60): warning C4244: 'argument': conversion from 'unsigned int' to 'float', possible loss of data
D:\UNI Projects\AA4_DecisionMaking\src\Graph.cpp(63,66): warning C4244: 'argument': conversion from 'unsigned int' to 'float', possible loss of data
D:\UNI Projects\AA4_DecisionMaking\src\Graph.cpp(63,45): warning C4244: 'argument': conversion from 'unsigned int' to 'float', possible loss of data
D:\UNI Projects\AA4_DecisionMaking\src\Graph.cpp(63,19): warning C4244: 'argument': conversion from 'int' to 'float', possible loss of data
D:\UNI Projects\AA4_DecisionMaking\src\Graph.cpp(66,73): warning C4244: 'argument': conversion from 'unsigned int' to 'float', possible loss of data
D:\UNI Projects\AA4_DecisionMaking\src\Graph.cpp(66,52): warning C4244: 'argument': conversion from 'unsigned int' to 'float', possible loss of data
D:\UNI Projects\AA4_DecisionMaking\src\Graph.cpp(68,81): warning C4244: 'argument': conversion from 'unsigned int' to 'float', possible loss of data
D:\UNI Projects\AA4_DecisionMaking\src\Graph.cpp(68,60): warning C4244: 'argument': conversion from 'unsigned int' to 'float', possible loss of data
D:\UNI Projects\AA4_DecisionMaking\src\Graph.cpp(69,66): warning C4244: 'argument': conversion from 'unsigned int' to 'float', possible loss of data
D:\UNI Projects\AA4_DecisionMaking\src\Graph.cpp(69,45): warning C4244: 'argument': conversion from 'unsigned int' to 'float', possible loss of data
D:\UNI Projects\AA4_DecisionMaking\src\Graph.cpp(69,19): warning C4244: 'argument': conversion from 'int' to 'float', possible loss of data
D:\UNI Projects\AA4_DecisionMaking\src\Graph.cpp(73,70): warning C4244: 'argument': conversion from 'unsigned int' to 'float', possible loss of data
D:\UNI Projects\AA4_DecisionMaking\src\Graph.cpp(73,53): warning C4244: 'argument': conversion from 'unsigned int' to 'float', possible loss of data
D:\UNI Projects\AA4_DecisionMaking\src\Graph.cpp(74,59): warning C4244: 'argument': conversion from 'unsigned int' to 'float', possible loss of data
D:\UNI Projects\AA4_DecisionMaking\src\Graph.cpp(74,42): warning C4244: 'argument': conversion from 'unsigned int' to 'float', possible loss of data
D:\UNI Projects\AA4_DecisionMaking\src\Graph.cpp(74,117): warning C4244: 'argument': conversion from 'unsigned int' to 'float', possible loss of data
D:\UNI Projects\AA4_DecisionMaking\src\Graph.cpp(74,100): warning C4244: 'argument': conversion from 'unsigned int' to 'float', possible loss of data
D:\UNI Projects\AA4_DecisionMaking\src\Graph.cpp(74,76): warning C4244: 'argument': conversion from 'int' to 'float', possible loss of data
D:\UNI Projects\AA4_DecisionMaking\src\Graph.cpp(74,18): warning C4244: 'argument': conversion from 'int' to 'float', possible loss of data
  Greedy.cpp
  Grid.cpp
D:\UNI Projects\AA4_DecisionMaking\src\Graph.h(13,8): error C2061: syntax error: identifier 'Grid'
D:\UNI Projects\AA4_DecisionMaking\src\Graph.h(13,7): error C2535: 'Graph::Graph(void)': member function already defined or declared
D:\UNI Projects\AA4_DecisionMaking\src\Graph.h(12): message : see declaration of 'Graph::Graph'
D:\UNI Projects\AA4_DecisionMaking\src\Blackboard.h(18,19): error C2061: syntax error: identifier 'Grid'
  main.cpp
  PathFollowing.cpp
  SceneDecisionsMouse.cpp
  Seek.cpp
  Generating Code...
